# JRE version: OpenJDK Runtime Environment (8.0_152-b01) (build 1.8.0_152-release-915-b01)
# Java VM: OpenJDK 64-Bit Server VM (25.152-b01 mixed mode windows-amd64 compressed oops)
Heap:
 PSYoungGen      total 404480K, used 116218K [0x00000000e0000000, 0x00000000fcd80000, 0x0000000100000000)
  eden space 343552K, 25% used [0x00000000e0000000,0x00000000e542efe0,0x00000000f4f80000)
  from space 60928K, 49% used [0x00000000f9200000,0x00000000faf4fba0,0x00000000fcd80000)
  to   space 64512K, 0% used [0x00000000f4f80000,0x00000000f4f80000,0x00000000f8e80000)
 ParOldGen       total 184320K, used 62792K [0x00000000a0000000, 0x00000000ab400000, 0x00000000e0000000)
  object space 184320K, 34% used [0x00000000a0000000,0x00000000a3d523d0,0x00000000ab400000)
 Metaspace       used 88765K, capacity 95609K, committed 99048K, reserved 1134592K
  class space    used 10978K, capacity 12427K, committed 13312K, reserved 1048576K
GC Heap History (10 events):
Event: 15814.607 GC heap before
{Heap before GC invocations=42 (full 4):
 PSYoungGen      total 314880K, used 16866K [0x00000000e0000000, 0x00000000f7c00000, 0x0000000100000000)
  eden space 245760K, 0% used [0x00000000e0000000,0x00000000e0000000,0x00000000ef000000)
  from space 69120K, 24% used [0x00000000f3880000,0x00000000f48f8970,0x00000000f7c00000)
  to   space 71680K, 0% used [0x00000000ef000000,0x00000000ef000000,0x00000000f3600000)
 ParOldGen       total 157696K, used 139766K [0x00000000a0000000, 0x00000000a9a00000, 0x00000000e0000000)
  object space 157696K, 88% used [0x00000000a0000000,0x00000000a887db90,0x00000000a9a00000)
 Metaspace       used 89739K, capacity 98205K, committed 98280K, reserved 1134592K
  class space    used 11376K, capacity 13237K, committed 13312K, reserved 1048576K
Event: 15814.905 GC heap after
Heap after GC invocations=42 (full 4):
 PSYoungGen      total 314880K, used 0K [0x00000000e0000000, 0x00000000f7c00000, 0x0000000100000000)
  eden space 245760K, 0% used [0x00000000e0000000,0x00000000e0000000,0x00000000ef000000)
  from space 69120K, 0% used [0x00000000f3880000,0x00000000f3880000,0x00000000f7c00000)
  to   space 71680K, 0% used [0x00000000ef000000,0x00000000ef000000,0x00000000f3600000)
 ParOldGen       total 184320K, used 62760K [0x00000000a0000000, 0x00000000ab400000, 0x00000000e0000000)
  object space 184320K, 34% used [0x00000000a0000000,0x00000000a3d4a3d0,0x00000000ab400000)
 Metaspace       used 86695K, capacity 92993K, committed 98280K, reserved 1134592K
  class space    used 10772K, capacity 12180K, committed 13312K, reserved 1048576K
}
Event: 15818.187 GC heap before
{Heap before GC invocations=43 (full 4):
 PSYoungGen      total 314880K, used 245760K [0x00000000e0000000, 0x00000000f7c00000, 0x0000000100000000)
  eden space 245760K, 100% used [0x00000000e0000000,0x00000000ef000000,0x00000000ef000000)
  from space 69120K, 0% used [0x00000000f3880000,0x00000000f3880000,0x00000000f7c00000)
  to   space 71680K, 0% used [0x00000000ef000000,0x00000000ef000000,0x00000000f3600000)
 ParOldGen       total 184320K, used 62760K [0x00000000a0000000, 0x00000000ab400000, 0x00000000e0000000)
  object space 184320K, 34% used [0x00000000a0000000,0x00000000a3d4a3d0,0x00000000ab400000)
 Metaspace       used 87505K, capacity 94209K, committed 98280K, reserved 1134592K
  class space    used 10888K, capacity 12329K, committed 13312K, reserved 1048576K
Event: 15818.235 GC heap after
Heap after GC invocations=43 (full 4):
 PSYoungGen      total 317440K, used 23001K [0x00000000e0000000, 0x00000000faa00000, 0x0000000100000000)
  eden space 245760K, 0% used [0x00000000e0000000,0x00000000e0000000,0x00000000ef000000)
  from space 71680K, 32% used [0x00000000ef000000,0x00000000f0676690,0x00000000f3600000)
  to   space 69632K, 0% used [0x00000000f6600000,0x00000000f6600000,0x00000000faa00000)
 ParOldGen       total 184320K, used 62768K [0x00000000a0000000, 0x00000000ab400000, 0x00000000e0000000)
  object space 184320K, 34% used [0x00000000a0000000,0x00000000a3d4c3d0,0x00000000ab400000)
 Metaspace       used 87505K, capacity 94209K, committed 98280K, reserved 1134592K
  class space    used 10888K, capacity 12329K, committed 13312K, reserved 1048576K
}
Event: 15819.657 GC heap before
{Heap before GC invocations=44 (full 4):
 PSYoungGen      total 317440K, used 268478K [0x00000000e0000000, 0x00000000faa00000, 0x0000000100000000)
  eden space 245760K, 99% used [0x00000000e0000000,0x00000000eefb93b0,0x00000000ef000000)
  from space 71680K, 32% used [0x00000000ef000000,0x00000000f0676690,0x00000000f3600000)
  to   space 69632K, 0% used [0x00000000f6600000,0x00000000f6600000,0x00000000faa00000)
 ParOldGen       total 184320K, used 62768K [0x00000000a0000000, 0x00000000ab400000, 0x00000000e0000000)
  object space 184320K, 34% used [0x00000000a0000000,0x00000000a3d4c3d0,0x00000000ab400000)
 Metaspace       used 87583K, capacity 94315K, committed 98280K, reserved 1134592K
  class space    used 10892K, capacity 12334K, committed 13312K, reserved 1048576K
Event: 15819.671 GC heap after
Heap after GC invocations=44 (full 4):
 PSYoungGen      total 363520K, used 10802K [0x00000000e0000000, 0x00000000fa900000, 0x0000000100000000)
  eden space 294912K, 0% used [0x00000000e0000000,0x00000000e0000000,0x00000000f2000000)
  from space 68608K, 15% used [0x00000000f6600000,0x00000000f708cbf0,0x00000000fa900000)
  to   space 70144K, 0% used [0x00000000f2000000,0x00000000f2000000,0x00000000f6480000)
 ParOldGen       total 184320K, used 62776K [0x00000000a0000000, 0x00000000ab400000, 0x00000000e0000000)
  object space 184320K, 34% used [0x00000000a0000000,0x00000000a3d4e3d0,0x00000000ab400000)
 Metaspace       used 87583K, capacity 94315K, committed 98280K, reserved 1134592K
  class space    used 10892K, capacity 12334K, committed 13312K, reserved 1048576K
}
Event: 15825.034 GC heap before
{Heap before GC invocations=45 (full 4):
 PSYoungGen      total 363520K, used 305714K [0x00000000e0000000, 0x00000000fa900000, 0x0000000100000000)
  eden space 294912K, 100% used [0x00000000e0000000,0x00000000f2000000,0x00000000f2000000)
  from space 68608K, 15% used [0x00000000f6600000,0x00000000f708cbf0,0x00000000fa900000)
  to   space 70144K, 0% used [0x00000000f2000000,0x00000000f2000000,0x00000000f6480000)
 ParOldGen       total 184320K, used 62776K [0x00000000a0000000, 0x00000000ab400000, 0x00000000e0000000)
  object space 184320K, 34% used [0x00000000a0000000,0x00000000a3d4e3d0,0x00000000ab400000)
 Metaspace       used 88676K, capacity 95447K, committed 99048K, reserved 1134592K
  class space    used 10970K, capacity 12418K, committed 13312K, reserved 1048576K
Event: 15825.061 GC heap after
Heap after GC invocations=45 (full 4):
 PSYoungGen      total 365056K, used 19385K [0x00000000e0000000, 0x00000000fd480000, 0x0000000100000000)
  eden space 294912K, 0% used [0x00000000e0000000,0x00000000e0000000,0x00000000f2000000)
  from space 70144K, 27% used [0x00000000f2000000,0x00000000f32ee4b0,0x00000000f6480000)
  to   space 68096K, 0% used [0x00000000f9200000,0x00000000f9200000,0x00000000fd480000)
 ParOldGen       total 184320K, used 62784K [0x00000000a0000000, 0x00000000ab400000, 0x00000000e0000000)
  object space 184320K, 34% used [0x00000000a0000000,0x00000000a3d503d0,0x00000000ab400000)
 Metaspace       used 88676K, capacity 95447K, committed 99048K, reserved 1134592K
  class space    used 10970K, capacity 12418K, committed 13312K, reserved 1048576K
}
Event: 15825.834 GC heap before
{Heap before GC invocations=46 (full 4):
 PSYoungGen      total 365056K, used 314297K [0x00000000e0000000, 0x00000000fd480000, 0x0000000100000000)
  eden space 294912K, 100% used [0x00000000e0000000,0x00000000f2000000,0x00000000f2000000)
  from space 70144K, 27% used [0x00000000f2000000,0x00000000f32ee4b0,0x00000000f6480000)
  to   space 68096K, 0% used [0x00000000f9200000,0x00000000f9200000,0x00000000fd480000)
 ParOldGen       total 184320K, used 62784K [0x00000000a0000000, 0x00000000ab400000, 0x00000000e0000000)
  object space 184320K, 34% used [0x00000000a0000000,0x00000000a3d503d0,0x00000000ab400000)
 Metaspace       used 88738K, capacity 95541K, committed 99048K, reserved 1134592K
  class space    used 10976K, capacity 12425K, committed 13312K, reserved 1048576K
Event: 15825.873 GC heap after
Heap after GC invocations=46 (full 4):
 PSYoungGen      total 404480K, used 30014K [0x00000000e0000000, 0x00000000fcd80000, 0x0000000100000000)
  eden space 343552K, 0% used [0x00000000e0000000,0x00000000e0000000,0x00000000f4f80000)
  from space 60928K, 49% used [0x00000000f9200000,0x00000000faf4fba0,0x00000000fcd80000)
  to   space 64512K, 0% used [0x00000000f4f80000,0x00000000f4f80000,0x00000000f8e80000)
 ParOldGen       total 184320K, used 62792K [0x00000000a0000000, 0x00000000ab400000, 0x00000000e0000000)
  object space 184320K, 34% used [0x00000000a0000000,0x00000000a3d523d0,0x00000000ab400000)
 Metaspace       used 88738K, capacity 95541K, committed 99048K, reserved 1134592K
  class space    used 10976K, capacity 12425K, committed 13312K, reserved 1048576K
}

